Determining if the pthread_create exist failed with the following output:
Change Dir: /home/salabeta/robocomp/components/beta-robotica-class/chocamem/CMakeFiles/CMakeTmp

Run Build Command:"/usr/bin/make" "cmTC_c4540/fast"
/usr/bin/make -f CMakeFiles/cmTC_c4540.dir/build.make CMakeFiles/cmTC_c4540.dir/build
make[1]: se entra en el directorio '/home/salabeta/robocomp/components/beta-robotica-class/chocamem/CMakeFiles/CMakeTmp'
Building C object CMakeFiles/cmTC_c4540.dir/CheckSymbolExists.c.o
/usr/bin/cc    -o CMakeFiles/cmTC_c4540.dir/CheckSymbolExists.c.o   -c /home/salabeta/robocomp/components/beta-robotica-class/chocamem/CMakeFiles/CMakeTmp/CheckSymbolExists.c
Linking C executable cmTC_c4540
/usr/bin/cmake -E cmake_link_script CMakeFiles/cmTC_c4540.dir/link.txt --verbose=1
/usr/bin/cc      -rdynamic CMakeFiles/cmTC_c4540.dir/CheckSymbolExists.c.o  -o cmTC_c4540 
CMakeFiles/cmTC_c4540.dir/CheckSymbolExists.c.o: En la función `main':
CheckSymbolExists.c:(.text+0x1b): referencia a `pthread_create' sin definir
collect2: error: ld returned 1 exit status
CMakeFiles/cmTC_c4540.dir/build.make:97: recipe for target 'cmTC_c4540' failed
make[1]: *** [cmTC_c4540] Error 1
make[1]: se sale del directorio '/home/salabeta/robocomp/components/beta-robotica-class/chocamem/CMakeFiles/CMakeTmp'
Makefile:126: recipe for target 'cmTC_c4540/fast' failed
make: *** [cmTC_c4540/fast] Error 2

File /home/salabeta/robocomp/components/beta-robotica-class/chocamem/CMakeFiles/CMakeTmp/CheckSymbolExists.c:
/* */
#include <pthread.h>

int main(int argc, char** argv)
{
  (void)argv;
#ifndef pthread_create
  return ((int*)(&pthread_create))[argc];
#else
  (void)argc;
  return 0;
#endif
}

Determining if the function pthread_create exists in the pthreads failed with the following output:
Change Dir: /home/salabeta/robocomp/components/beta-robotica-class/chocamem/CMakeFiles/CMakeTmp

Run Build Command:"/usr/bin/make" "cmTC_b7823/fast"
/usr/bin/make -f CMakeFiles/cmTC_b7823.dir/build.make CMakeFiles/cmTC_b7823.dir/build
make[1]: se entra en el directorio '/home/salabeta/robocomp/components/beta-robotica-class/chocamem/CMakeFiles/CMakeTmp'
Building C object CMakeFiles/cmTC_b7823.dir/CheckFunctionExists.c.o
/usr/bin/cc   -DCHECK_FUNCTION_EXISTS=pthread_create   -o CMakeFiles/cmTC_b7823.dir/CheckFunctionExists.c.o   -c /usr/share/cmake-3.10/Modules/CheckFunctionExists.c
Linking C executable cmTC_b7823
/usr/bin/cmake -E cmake_link_script CMakeFiles/cmTC_b7823.dir/link.txt --verbose=1
/usr/bin/cc  -DCHECK_FUNCTION_EXISTS=pthread_create    -rdynamic CMakeFiles/cmTC_b7823.dir/CheckFunctionExists.c.o  -o cmTC_b7823 -lpthreads 
/usr/bin/ld: no se puede encontrar -lpthreads
collect2: error: ld returned 1 exit status
CMakeFiles/cmTC_b7823.dir/build.make:97: recipe for target 'cmTC_b7823' failed
make[1]: *** [cmTC_b7823] Error 1
make[1]: se sale del directorio '/home/salabeta/robocomp/components/beta-robotica-class/chocamem/CMakeFiles/CMakeTmp'
Makefile:126: recipe for target 'cmTC_b7823/fast' failed
make: *** [cmTC_b7823/fast] Error 2


