Determining if the pthread_create exist failed with the following output:
Change Dir: /home/isabel/Escritorio/Robotics/choca/CMakeFiles/CMakeTmp

Run Build Command:"/usr/bin/make" "cmTC_1d61d/fast"
/usr/bin/make -f CMakeFiles/cmTC_1d61d.dir/build.make CMakeFiles/cmTC_1d61d.dir/build
make[1]: se entra en el directorio '/home/isabel/Escritorio/Robotics/choca/CMakeFiles/CMakeTmp'
Building C object CMakeFiles/cmTC_1d61d.dir/CheckSymbolExists.c.o
/usr/bin/cc    -o CMakeFiles/cmTC_1d61d.dir/CheckSymbolExists.c.o   -c /home/isabel/Escritorio/Robotics/choca/CMakeFiles/CMakeTmp/CheckSymbolExists.c
Linking C executable cmTC_1d61d
/usr/bin/cmake -E cmake_link_script CMakeFiles/cmTC_1d61d.dir/link.txt --verbose=1
/usr/bin/cc      -rdynamic CMakeFiles/cmTC_1d61d.dir/CheckSymbolExists.c.o  -o cmTC_1d61d 
CMakeFiles/cmTC_1d61d.dir/CheckSymbolExists.c.o: En la función `main':
CheckSymbolExists.c:(.text+0x1b): referencia a `pthread_create' sin definir
collect2: error: ld returned 1 exit status
CMakeFiles/cmTC_1d61d.dir/build.make:97: recipe for target 'cmTC_1d61d' failed
make[1]: *** [cmTC_1d61d] Error 1
make[1]: se sale del directorio '/home/isabel/Escritorio/Robotics/choca/CMakeFiles/CMakeTmp'
Makefile:126: recipe for target 'cmTC_1d61d/fast' failed
make: *** [cmTC_1d61d/fast] Error 2

File /home/isabel/Escritorio/Robotics/choca/CMakeFiles/CMakeTmp/CheckSymbolExists.c:
/* */
#include <pthread.h>

int main(int argc, char** argv)
{
  (void)argv;
#ifndef pthread_create
  return ((int*)(&pthread_create))[argc];
#else
  (void)argc;
  return 0;
#endif
}

Determining if the function pthread_create exists in the pthreads failed with the following output:
Change Dir: /home/isabel/Escritorio/Robotics/choca/CMakeFiles/CMakeTmp

Run Build Command:"/usr/bin/make" "cmTC_98688/fast"
/usr/bin/make -f CMakeFiles/cmTC_98688.dir/build.make CMakeFiles/cmTC_98688.dir/build
make[1]: se entra en el directorio '/home/isabel/Escritorio/Robotics/choca/CMakeFiles/CMakeTmp'
Building C object CMakeFiles/cmTC_98688.dir/CheckFunctionExists.c.o
/usr/bin/cc   -DCHECK_FUNCTION_EXISTS=pthread_create   -o CMakeFiles/cmTC_98688.dir/CheckFunctionExists.c.o   -c /usr/share/cmake-3.10/Modules/CheckFunctionExists.c
Linking C executable cmTC_98688
/usr/bin/cmake -E cmake_link_script CMakeFiles/cmTC_98688.dir/link.txt --verbose=1
/usr/bin/cc  -DCHECK_FUNCTION_EXISTS=pthread_create    -rdynamic CMakeFiles/cmTC_98688.dir/CheckFunctionExists.c.o  -o cmTC_98688 -lpthreads 
/usr/bin/ld: no se puede encontrar -lpthreads
collect2: error: ld returned 1 exit status
CMakeFiles/cmTC_98688.dir/build.make:97: recipe for target 'cmTC_98688' failed
make[1]: *** [cmTC_98688] Error 1
make[1]: se sale del directorio '/home/isabel/Escritorio/Robotics/choca/CMakeFiles/CMakeTmp'
Makefile:126: recipe for target 'cmTC_98688/fast' failed
make: *** [cmTC_98688/fast] Error 2


